----------  --
#           -1
{           -1
let         -1
identifier   0
:           -1
integer     -1
;           -1
let         -1
identifier   1
:           -1
integer     -1
;           -1
read        -1
(           -1
identifier   0
)           -1
;           -1
read        -1
(           -1
identifier   1
)           -1
;           -1
while       -1
(           -1
identifier   0
!=          -1
identifier   1
)           -1
{           -1
check       -1
(           -1
identifier   0
>           -1
identifier   1
)           -1
{           -1
identifier   0
=           -1
identifier   0
-           -1
identifier   1
;           -1
}           -1
else        -1
{           -1
identifier   1
=           -1
identifier   1
-           -1
identifier   0
;           -1
}           -1
}           -1
write       -1
(           -1
identifier   0
)           -1
;           -1
}           -1
?           -1
----------  --